02 06 2014 18:28:14>1.$.00-01.02-02.R10.R20.R30.#
02 06 2014 18:28:14>1.$.00-01.02-02.R11.R20.R30.#
02 06 2014 18:28:14>1.$.00-01.02-02.R11.R21.R30.#
02 06 2014 18:28:14>1.$.00-01.02-02.R11.R21.R31.#
02 06 2014 18:28:14>1.$.00-01.02-02.R11.R21.R30.#
02 06 2014 18:28:14>1.$.00-01.02-02.R11.R20.R30.#
02 06 2014 18:28:14>1.$.00-01.02-02.R10.R20.R30.#
02 06 2014 18:30:13>1.$.00-01.02-02.R10.R20.R30.#
02 06 2014 18:30:13>1.$.00-01.02-02.R11.R20.R30.#
02 06 2014 18:30:13>1.$.00-01.02-02.R11.R21.R30.#
02 06 2014 18:30:13>1.$.00-01.02-02.R11.R21.R31.#
02 06 2014 18:30:13>1.$.00-01.02-02.R11.R21.R30.#
02 06 2014 18:30:13>1.$.00-01.02-02.R11.R20.R30.#
02 06 2014 18:30:13>1.$.00-01.02-02.R10.R20.R30.#
02 06 2014 18:30:22>1.$.00-01.02-02.R10.R20.R30.#
02 06 2014 18:30:22>1.$.00-01.02-02.R11.R20.R30.#
02 06 2014 18:30:22>1.$.00-01.02-02.R11.R21.R30.#
02 06 2014 18:30:22>1.$.00-01.02-02.R11.R21.R31.#
02 06 2014 18:30:22>1.$.00-01.02-02.R11.R21.R30.#
02 06 2014 18:30:22>1.$.00-01.02-02.R11.R20.R30.#
02 06 2014 18:30:22>1.$.00-01.02-02.R10.R20.R30.#
02 06 2014 18:32:29>1.$.00-01.02-02.R10.R20.R30.#
02 06 2014 18:34:04>1.$.00-01.02-02.R11.R20.R31.#
02 06 2014 18:34:09>1.$.00-01.02-02.R11.R20.R31.#
02 06 2014 18:34:10>1.$.00-01.02-02.R11.R20.R31.#
02 06 2014 18:34:11>1.$.00-01.02-02.R11.R20.R31.#
02 06 2014 18:34:12>1.$.00-01.02-02.R11.R20.R31.#
02 06 2014 18:43:22>1.$.00-01.02-02.R10.R20.R30.#
02 06 2014 18:44:00>1.$.00-01.02-02.R10.R20.R30.#
02 06 2014 19:02:00>2.$.S0N1.S2N2.RELAY1ON.RELAY3OFF.RELAY2ON.#
10 06 2014 12:35:58>3.$.S0N1.S2N2.RELAY1OFF.#
